app/build/outputs/logs/manifest-merger-debug-report.txt
-- Merging decision tree log ---
manifest
ADDED from src\main\AndroidManifest.xml:2:1-104:12
	xmlns:android
		ADDED from src\main\AndroidManifest.xml:2:11-69
	package
		ADDED from src\main\AndroidManifest.xml:3:5-48
		INJECTED from src\main\AndroidManifest.xml
		INJECTED from src\main\AndroidManifest.xml
	android:versionName
		ADDED from src\main\AndroidManifest.xml:5:5-30
	android:versionCode
		ADDED from src\main\AndroidManifest.xml:4:5-28
		INJECTED from src\main\AndroidManifest.xml
		INJECTED from src\main\AndroidManifest.xml
uses-sdk
ADDED from src\main\AndroidManifest.xml:7:5-9:41
MERGED from [com.android.support:appcompat-v7:19.1.0] AndroidManifest.xml:18:5-42
	android:targetSdkVersion
		ADDED from src\main\AndroidManifest.xml:9:9-38
		INJECTED from src\main\AndroidManifest.xml
		INJECTED from src\main\AndroidManifest.xml
	android:minSdkVersion
		ADDED from src\main\AndroidManifest.xml:8:9-34
		INJECTED from src\main\AndroidManifest.xml
		INJECTED from src\main\AndroidManifest.xml
uses-permission#android.permission.BIND_ACCESSIBILITY_SERVICE
ADDED from src\main\AndroidManifest.xml:12:5-84
	android:name
		ADDED from src\main\AndroidManifest.xml:12:22-82
uses-permission#android.permission.KILL_BACKGROUND_PROCESSES
ADDED from src\main\AndroidManifest.xml:14:5-83
	android:name
		ADDED from src\main\AndroidManifest.xml:14:22-81
uses-permission#android.permission.GET_TASKS
ADDED from src\main\AndroidManifest.xml:18:5-67
	android:name
		ADDED from src\main\AndroidManifest.xml:18:22-65
uses-permission#android.permission.GET_PACKAGE_SIZE
ADDED from src\main\AndroidManifest.xml:20:5-74
	android:name
		ADDED from src\main\AndroidManifest.xml:20:22-72
uses-permission#android.permission.CLEAR_APP_CACHE
ADDED from src\main\AndroidManifest.xml:22:5-73
	android:name
		ADDED from src\main\AndroidManifest.xml:22:22-71
uses-permission#com.android.browser.permission.READ_HISTORY_BOOKMARKS
ADDED from src\main\AndroidManifest.xml:24:5-92
	android:name
		ADDED from src\main\AndroidManifest.xml:24:22-90
uses-permission#com.android.browser.permission.WRITE_HISTORY_BOOKMARKS
ADDED from src\main\AndroidManifest.xml:26:5-93
	android:name
		ADDED from src\main\AndroidManifest.xml:26:22-91
uses-permission#android.permission.WRITE_EXTERNAL_STORAGE
ADDED from src\main\AndroidManifest.xml:30:5-80
	android:name
		ADDED from src\main\AndroidManifest.xml:30:22-78
uses-permission#android.permission.READ_PHONE_STATE
ADDED from src\main\AndroidManifest.xml:32:5-74
	android:name
		ADDED from src\main\AndroidManifest.xml:32:22-72
uses-permission#android.permission.ACCESS_WIFI_STATE
ADDED from src\main\AndroidManifest.xml:34:5-75
	android:name
		ADDED from src\main\AndroidManifest.xml:34:22-73
uses-permission#android.permission.ACCESS_NETWORK_STATE
ADDED from src\main\AndroidManifest.xml:36:5-78
	android:name
		ADDED from src\main\AndroidManifest.xml:36:22-76
uses-permission#android.permission.SYSTEM_ALERT_WINDOW
ADDED from src\main\AndroidManifest.xml:38:5-77
	android:name
		ADDED from src\main\AndroidManifest.xml:38:22-75
uses-permission#com.android.launcher.permission.INSTALL_SHORTCUT
ADDED from src\main\AndroidManifest.xml:40:5-87
	android:name
		ADDED from src\main\AndroidManifest.xml:40:22-85
uses-permission#com.android.launcher.permission.UNINSTALL_SHORTCUT
ADDED from src\main\AndroidManifest.xml:42:5-89
	android:name
		ADDED from src\main\AndroidManifest.xml:42:22-87
uses-permission#com.android.launcher.permission.READ_SETTINGS
ADDED from src\main\AndroidManifest.xml:44:5-84
	android:name
		ADDED from src\main\AndroidManifest.xml:44:22-82
uses-permission#com.android.launcher.permission.WRITE_SETTINGS
ADDED from src\main\AndroidManifest.xml:46:5-85
	android:name
		ADDED from src\main\AndroidManifest.xml:46:22-83
uses-permission#com.android.launcher3.permission.READ_SETTINGS
ADDED from src\main\AndroidManifest.xml:48:5-85
	android:name
		ADDED from src\main\AndroidManifest.xml:48:22-83
uses-permission#com.android.launcher3.permission.WRITE_SETTINGS
ADDED from src\main\AndroidManifest.xml:50:5-86
	android:name
		ADDED from src\main\AndroidManifest.xml:50:22-84
uses-permission#android.permission.INTERNET
ADDED from src\main\AndroidManifest.xml:52:5-66
	android:name
		ADDED from src\main\AndroidManifest.xml:52:22-64
uses-permission#android.permission.MOUNT_UNMOUNT_FILESYSTEMS
ADDED from src\main\AndroidManifest.xml:54:5-83
	android:name
		ADDED from src\main\AndroidManifest.xml:54:22-81
uses-permission#android.permission.WAKE_LOCK
ADDED from src\main\AndroidManifest.xml:56:5-67
	android:name
		ADDED from src\main\AndroidManifest.xml:56:22-65
uses-permission#android.permission.BATTERY_STATS
ADDED from src\main\AndroidManifest.xml:58:5-71
	android:name
		ADDED from src\main\AndroidManifest.xml:58:22-69
uses-permission#android.permission.BROADCAST_STICKY
ADDED from src\main\AndroidManifest.xml:60:5-74
	android:name
		ADDED from src\main\AndroidManifest.xml:60:22-72
uses-permission#android.permission.VIBRATE
ADDED from src\main\AndroidManifest.xml:62:5-65
	android:name
		ADDED from src\main\AndroidManifest.xml:62:22-63
uses-permission#android.permission.GET_ACCOUNTS
ADDED from src\main\AndroidManifest.xml:64:5-70
	android:name
		ADDED from src\main\AndroidManifest.xml:64:22-68
uses-permission#android.permission.CHANGE_WIFI_STATE
ADDED from src\main\AndroidManifest.xml:66:5-75
	android:name
		ADDED from src\main\AndroidManifest.xml:66:22-73
uses-permission#android.permission.CHANGE_NETWORK_STATE
ADDED from src\main\AndroidManifest.xml:68:5-78
	android:name
		ADDED from src\main\AndroidManifest.xml:68:22-76
uses-permission#android.permission.WRITE_SETTINGS
ADDED from src\main\AndroidManifest.xml:70:5-72
	android:name
		ADDED from src\main\AndroidManifest.xml:70:22-70
uses-permission#android.permission.EXPAND_STATUS_BAR
ADDED from src\main\AndroidManifest.xml:72:5-75
	android:name
		ADDED from src\main\AndroidManifest.xml:72:22-73
uses-permission#android.permission.CAMERA
ADDED from src\main\AndroidManifest.xml:74:5-64
	android:name
		ADDED from src\main\AndroidManifest.xml:74:22-62
uses-permission#android.permission.RECEIVE_BOOT_COMPLETED
ADDED from src\main\AndroidManifest.xml:78:5-80
	android:name
		ADDED from src\main\AndroidManifest.xml:78:22-78
uses-permission#android.permission.FLASHLIGHT
ADDED from src\main\AndroidManifest.xml:80:5-68
	android:name
		ADDED from src\main\AndroidManifest.xml:80:22-66
application
ADDED from src\main\AndroidManifest.xml:86:5-102:19
MERGED from [com.android.support:appcompat-v7:19.1.0] AndroidManifest.xml:19:5-20
	android:label
		ADDED from src\main\AndroidManifest.xml:89:9-41
	android:allowBackup
		ADDED from src\main\AndroidManifest.xml:87:9-35
	android:icon
		ADDED from src\main\AndroidManifest.xml:88:9-45
	android:theme
		ADDED from src\main\AndroidManifest.xml:90:9-40
	android:name
		ADDED from src\main\AndroidManifest.xml:91:9-73
activity#com.example.test_42_label_apkname.MainActivity
ADDED from src\main\AndroidManifest.xml:93:9-101:20
	android:label
		ADDED from src\main\AndroidManifest.xml:95:13-45
	android:name
		ADDED from src\main\AndroidManifest.xml:94:13-41
intent-filter#android.intent.action.MAIN+android.intent.category.LAUNCHER
ADDED from src\main\AndroidManifest.xml:96:13-100:29
action#android.intent.action.MAIN
ADDED from src\main\AndroidManifest.xml:97:17-69
	android:name
		ADDED from src\main\AndroidManifest.xml:97:25-66
category#android.intent.category.LAUNCHER
ADDED from src\main\AndroidManifest.xml:99:17-77
	android:name
		ADDED from src\main\AndroidManifest.xml:99:27-74